Log file open, 09/25/18 19:14:15
LogWindows: Failed to load 'aqProf.dll' (GetLastError=126)
LogWindows: File 'aqProf.dll' does not exist
LogWindows: Failed to load 'VtuneApi.dll' (GetLastError=126)
LogWindows: File 'VtuneApi.dll' does not exist
LogWindows: Failed to load 'VtuneApi32e.dll' (GetLastError=126)
LogWindows: File 'VtuneApi32e.dll' does not exist
LogInit: Display: Running engine for game: S1
LogPlatformFile: Not using cached read wrapper
LogInit: Display: RandInit(-328225123) SRandInit(-328225123).
LogInit: Read version file with build ID '3944462'
LogInit: Overriding engine version to CL 4033788, compatible CL 3944462
LogInit: Registered custom module enumerator with build ID '3944462'
LogTaskGraph: Started task graph with 5 named threads and 23 total threads with 3 sets of task threads.
LogStats: Stats thread started at 0.296873
LogD3D11RHI: Aftermath initialized
LogICUInternationalization: Display: ICU TimeZone Detection - Raw Offset: +12:00, Platform Override: ''
LogPluginManager: Mounting plugin Paper2D
LogPluginManager: Mounting plugin LiveLink
LogPluginManager: Mounting plugin LightPropagationVolume
LogPluginManager: Mounting plugin CLionSourceCodeAccess
LogPluginManager: Mounting plugin CodeLiteSourceCodeAccess
LogPluginManager: Mounting plugin GitSourceControl
LogPluginManager: Mounting plugin KDevelopSourceCodeAccess
LogPluginManager: Mounting plugin NullSourceCodeAccess
LogPluginManager: Mounting plugin PerforceSourceControl
LogPluginManager: Mounting plugin SubversionSourceControl
LogPluginManager: Mounting plugin UObjectPlugin
LogPluginManager: Mounting plugin VisualStudioCodeSourceCodeAccess
LogPluginManager: Mounting plugin VisualStudioSourceCodeAccess
LogPluginManager: Mounting plugin XCodeSourceCodeAccess
LogPluginManager: Mounting plugin AssetManagerEditor
LogPluginManager: Mounting plugin CryptoKeys
LogPluginManager: Mounting plugin DataValidation
LogPluginManager: Mounting plugin FacialAnimation
LogPluginManager: Mounting plugin GameplayTagsEditor
LogPluginManager: Mounting plugin MobileLauncherProfileWizard
LogPluginManager: Mounting plugin PluginBrowser
LogPluginManager: Mounting plugin SpeedTreeImporter
LogPluginManager: Mounting plugin DatasmithContent
LogPluginManager: Mounting plugin AlembicImporter
LogPluginManager: Mounting plugin CharacterAI
LogPluginManager: Mounting plugin HTML5Networking
LogPluginManager: Mounting plugin AndroidMedia
LogPluginManager: Mounting plugin AvfMedia
LogPluginManager: Mounting plugin ImgMedia
LogPluginManager: Mounting plugin LinearTimecode
LogPluginManager: Mounting plugin MediaCompositing
LogPluginManager: Mounting plugin MediaPlayerEditor
LogPluginManager: Mounting plugin WmfMedia
LogPluginManager: Mounting plugin TcpMessaging
LogPluginManager: Mounting plugin UdpMessaging
LogPluginManager: Mounting plugin ActorSequence
LogPluginManager: Mounting plugin LevelSequenceEditor
LogPluginManager: Mounting plugin MatineeToLevelSequence
LogPluginManager: Mounting plugin NetcodeUnitTest
LogPluginManager: Mounting plugin NUTUnrealEngine4
LogPluginManager: Mounting plugin OnlineSubsystemGooglePlay
LogPluginManager: Mounting plugin OnlineSubsystemIOS
LogPluginManager: Mounting plugin OnlineSubsystem
LogPluginManager: Mounting plugin OnlineSubsystemNull
LogPluginManager: Mounting plugin OnlineSubsystemUtils
LogPluginManager: Mounting plugin AndroidDeviceProfileSelector
LogPluginManager: Mounting plugin AndroidMoviePlayer
LogPluginManager: Mounting plugin AndroidPermission
LogPluginManager: Mounting plugin AppleARKit
LogPluginManager: Mounting plugin AppleMoviePlayer
LogPluginManager: Mounting plugin ArchVisCharacter
LogPluginManager: Mounting plugin AudioCapture
LogPluginManager: Mounting plugin CableComponent
LogPluginManager: Mounting plugin CustomMeshComponent
LogPluginManager: Mounting plugin ExampleDeviceProfileSelector
LogPluginManager: Mounting plugin GoogleCloudMessaging
LogPluginManager: Mounting plugin ImmediatePhysics
LogPluginManager: Mounting plugin IOSDeviceProfileSelector
LogPluginManager: Mounting plugin LinuxDeviceProfileSelector
LogPluginManager: Mounting plugin LocationServicesBPLibrary
LogPluginManager: Mounting plugin MobilePatchingUtils
LogPluginManager: Mounting plugin OculusVR
LogPluginManager: Plugin shader directory ../../../Engine/Plugins/Runtime/Oculus/OculusVR/Shaders found
LogPluginManager: Mapping shader source directory ../../../Engine/Plugins/Runtime/Oculus/OculusVR/Shaders to virtual directory /Plugin/OculusVR
LogPluginManager: Mounting plugin PhysXVehicles
LogPluginManager: Mounting plugin ProceduralMeshComponent
LogPluginManager: Mounting plugin RuntimePhysXCooking
LogPluginManager: Mounting plugin SteamVR
LogPluginManager: Mounting plugin WindowsMoviePlayer
LogStreaming: Display: Took  0.263s to configure plugins.
LogModuleManager: Display: Found up-to-date module file ../../../../../../Users/luoze/Documents/GitHub/SelfLearnUnreal/S1/Binaries/Win64/UE4Editor-S1-9444.dll (API version 3944462).
LogModuleManager: Display: Found up-to-date module file ../../../Engine/Plugins/2D/Paper2D/Binaries/Win64/UE4Editor-Paper2D.dll (API version 3944462).
LogModuleManager: Display: Found up-to-date module file ../../../Engine/Plugins/2D/Paper2D/Binaries/Win64/UE4Editor-Paper2DEditor.dll (API version 3944462).
LogModuleManager: Display: Found up-to-date module file ../../../Engine/Plugins/2D/Paper2D/Binaries/Win64/UE4Editor-PaperSpriteSheetImporter.dll (API version 3944462).
LogModuleManager: Display: Found up-to-date module file ../../../Engine/Plugins/2D/Paper2D/Binaries/Win64/UE4Editor-PaperTiledImporter.dll (API version 3944462).
LogModuleManager: Display: Found up-to-date module file ../../../Engine/Plugins/2D/Paper2D/Binaries/Win64/UE4Editor-SmartSnapping.dll (API version 3944462).
LogModuleManager: Display: Found up-to-date module file ../../../Engine/Plugins/Animation/LiveLink/Binaries/Win64/UE4Editor-LiveLink.dll (API version 3944462).
LogModuleManager: Display: Found up-to-date module file ../../../Engine/Plugins/Animation/LiveLink/Binaries/Win64/UE4Editor-LiveLinkEditor.dll (API version 3944462).
LogModuleManager: Display: Found up-to-date module file ../../../Engine/Plugins/Blendables/LightPropagationVolume/Binaries/Win64/UE4Editor-LightPropagationVolumeRuntime.dll (API version 3944462).
LogModuleManager: Display: Found up-to-date module file ../../../Engine/Plugins/Blendables/LightPropagationVolume/Binaries/Win64/UE4Editor-LightPropagationVolumeEditor.dll (API version 3944462).
LogModuleManager: Display: Found up-to-date module file ../../../Engine/Plugins/Developer/CLionSourceCodeAccess/Binaries/Win64/UE4Editor-CLionSourceCodeAccess.dll (API version 3944462).
LogModuleManager: Display: Found up-to-date module file ../../../Engine/Plugins/Developer/GitSourceControl/Binaries/Win64/UE4Editor-GitSourceControl.dll (API version 3944462).
LogModuleManager: Display: Found up-to-date module file ../../../Engine/Plugins/Developer/PerforceSourceControl/Binaries/Win64/UE4Editor-PerforceSourceControl.dll (API version 3944462).
LogModuleManager: Display: Found up-to-date module file ../../../Engine/Plugins/Developer/SubversionSourceControl/Binaries/Win64/UE4Editor-SubversionSourceControl.dll (API version 3944462).
LogModuleManager: Display: Found up-to-date module file ../../../Engine/Plugins/Developer/UObjectPlugin/Binaries/Win64/UE4Editor-UObjectPlugin.dll (API version 3944462).
LogModuleManager: Display: Found up-to-date module file ../../../Engine/Plugins/Developer/VisualStudioCodeSourceCodeAccess/Binaries/Win64/UE4Editor-VisualStudioCodeSourceCodeAccess.dll (API version 3944462).
LogModuleManager: Display: Found up-to-date module file ../../../Engine/Plugins/Developer/VisualStudioSourceCodeAccess/Binaries/Win64/UE4Editor-VisualStudioSourceCodeAccess.dll (API version 3944462).
LogModuleManager: Display: Found up-to-date module file ../../../Engine/Plugins/Editor/AssetManagerEditor/Binaries/Win64/UE4Editor-AssetManagerEditor.dll (API version 3944462).
LogModuleManager: Display: Found up-to-date module file ../../../Engine/Plugins/Editor/CryptoKeys/Binaries/Win64/UE4Editor-CryptoKeys.dll (API version 3944462).
LogModuleManager: Display: Found up-to-date module file ../../../Engine/Plugins/Editor/CryptoKeys/Binaries/Win64/UE4Editor-CryptoKeysOpenSSL.dll (API version 3944462).
LogModuleManager: Display: Found up-to-date module file ../../../Engine/Plugins/Editor/DataValidation/Binaries/Win64/UE4Editor-DataValidation.dll (API version 3944462).
LogModuleManager: Display: Found up-to-date module file ../../../Engine/Plugins/Editor/FacialAnimation/Binaries/Win64/UE4Editor-FacialAnimation.dll (API version 3944462).
LogModuleManager: Display: Found up-to-date module file ../../../Engine/Plugins/Editor/FacialAnimation/Binaries/Win64/UE4Editor-FacialAnimationEditor.dll (API version 3944462).
LogModuleManager: Display: Found up-to-date module file ../../../Engine/Plugins/Editor/GameplayTagsEditor/Binaries/Win64/UE4Editor-GameplayTagsEditor.dll (API version 3944462).
LogModuleManager: Display: Found up-to-date module file ../../../Engine/Plugins/Editor/MobileLauncherProfileWizard/Binaries/Win64/UE4Editor-MobileLauncherProfileWizard.dll (API version 3944462).
LogModuleManager: Display: Found up-to-date module file ../../../Engine/Plugins/Editor/PluginBrowser/Binaries/Win64/UE4Editor-PluginBrowser.dll (API version 3944462).
LogModuleManager: Display: Found up-to-date module file ../../../Engine/Plugins/Editor/SpeedTreeImporter/Binaries/Win64/UE4Editor-SpeedTreeImporter.dll (API version 3944462).
LogModuleManager: Display: Found up-to-date module file ../../../Engine/Plugins/Enterprise/DatasmithContent/Binaries/Win64/UE4Editor-DatasmithContent.dll (API version 3944462).
LogModuleManager: Display: Found up-to-date module file ../../../Engine/Plugins/Experimental/AlembicImporter/Binaries/Win64/UE4Editor-AlembicImporter.dll (API version 3944462).
LogModuleManager: Display: Found up-to-date module file ../../../Engine/Plugins/Experimental/AlembicImporter/Binaries/Win64/UE4Editor-AlembicLibrary.dll (API version 3944462).
LogModuleManager: Display: Found up-to-date module file ../../../Engine/Plugins/Experimental/CharacterAI/Binaries/Win64/UE4Editor-CharacterAI.dll (API version 3944462).
LogModuleManager: Display: Found up-to-date module file ../../../Engine/Plugins/Experimental/HTML5Networking/Binaries/Win64/UE4Editor-HTML5Networking.dll (API version 3944462).
LogModuleManager: Display: Found up-to-date module file ../../../Engine/Plugins/Media/AndroidMedia/Binaries/Win64/UE4Editor-AndroidMediaEditor.dll (API version 3944462).
LogModuleManager: Display: Found up-to-date module file ../../../Engine/Plugins/Media/AndroidMedia/Binaries/Win64/UE4Editor-AndroidMediaFactory.dll (API version 3944462).
LogModuleManager: Display: Found up-to-date module file ../../../Engine/Plugins/Media/AvfMedia/Binaries/Win64/UE4Editor-AvfMediaEditor.dll (API version 3944462).
LogModuleManager: Display: Found up-to-date module file ../../../Engine/Plugins/Media/AvfMedia/Binaries/Win64/UE4Editor-AvfMediaFactory.dll (API version 3944462).
LogModuleManager: Display: Found up-to-date module file ../../../Engine/Plugins/Media/AvfMedia/Binaries/Win64/UE4Editor-AvfMediaFactory.dll (API version 3944462).
LogModuleManager: Display: Found up-to-date module file ../../../Engine/Plugins/Media/ImgMedia/Binaries/Win64/UE4Editor-ImgMedia.dll (API version 3944462).
LogModuleManager: Display: Found up-to-date module file ../../../Engine/Plugins/Media/ImgMedia/Binaries/Win64/UE4Editor-ImgMediaEditor.dll (API version 3944462).
LogModuleManager: Display: Found up-to-date module file ../../../Engine/Plugins/Media/ImgMedia/Binaries/Win64/UE4Editor-ImgMediaFactory.dll (API version 3944462).
LogModuleManager: Display: Found up-to-date module file ../../../Engine/Plugins/Media/ImgMedia/Binaries/Win64/UE4Editor-ImgMediaFactory.dll (API version 3944462).
LogModuleManager: Display: Found up-to-date module file ../../../Engine/Plugins/Media/ImgMedia/Binaries/Win64/UE4Editor-OpenExrWrapper.dll (API version 3944462).
LogModuleManager: Display: Found up-to-date module file ../../../Engine/Plugins/Media/LinearTimecode/Binaries/Win64/UE4Editor-LinearTimecode.dll (API version 3944462).
LogModuleManager: Display: Found up-to-date module file ../../../Engine/Plugins/Media/MediaCompositing/Binaries/Win64/UE4Editor-MediaCompositing.dll (API version 3944462).
LogModuleManager: Display: Found up-to-date module file ../../../Engine/Plugins/Media/MediaCompositing/Binaries/Win64/UE4Editor-MediaCompositingEditor.dll (API version 3944462).
LogModuleManager: Display: Found up-to-date module file ../../../Engine/Plugins/Media/MediaPlayerEditor/Binaries/Win64/UE4Editor-MediaPlayerEditor.dll (API version 3944462).
LogModuleManager: Display: Found up-to-date module file ../../../Engine/Plugins/Media/WmfMedia/Binaries/Win64/UE4Editor-WmfMedia.dll (API version 3944462).
LogModuleManager: Display: Found up-to-date module file ../../../Engine/Plugins/Media/WmfMedia/Binaries/Win64/UE4Editor-WmfMediaEditor.dll (API version 3944462).
LogModuleManager: Display: Found up-to-date module file ../../../Engine/Plugins/Media/WmfMedia/Binaries/Win64/UE4Editor-WmfMediaFactory.dll (API version 3944462).
LogModuleManager: Display: Found up-to-date module file ../../../Engine/Plugins/Media/WmfMedia/Binaries/Win64/UE4Editor-WmfMediaFactory.dll (API version 3944462).
LogModuleManager: Display: Found up-to-date module file ../../../Engine/Plugins/Messaging/TcpMessaging/Binaries/Win64/UE4Editor-TcpMessaging.dll (API version 3944462).
LogModuleManager: Display: Found up-to-date module file ../../../Engine/Plugins/Messaging/UdpMessaging/Binaries/Win64/UE4Editor-UdpMessaging.dll (API version 3944462).
LogModuleManager: Display: Found up-to-date module file ../../../Engine/Plugins/MovieScene/ActorSequence/Binaries/Win64/UE4Editor-ActorSequence.dll (API version 3944462).
LogModuleManager: Display: Found up-to-date module file ../../../Engine/Plugins/MovieScene/LevelSequenceEditor/Binaries/Win64/UE4Editor-LevelSequenceEditor.dll (API version 3944462).
LogModuleManager: Display: Found up-to-date module file ../../../Engine/Plugins/MovieScene/MatineeToLevelSequence/Binaries/Win64/UE4Editor-MatineeToLevelSequence.dll (API version 3944462).
LogModuleManager: Display: Found up-to-date module file ../../../Engine/Plugins/NetcodeUnitTest/NetcodeUnitTest/Binaries/Win64/UE4Editor-NetcodeUnitTest.dll (API version 3944462).
LogModuleManager: Display: Found up-to-date module file ../../../Engine/Plugins/NetcodeUnitTest/NUTUnrealEngine4/Binaries/Win64/UE4Editor-NUTUnrealEngine4.dll (API version 3944462).
LogModuleManager: Display: Found up-to-date module file ../../../Engine/Plugins/Online/OnlineSubsystem/Binaries/Win64/UE4Editor-OnlineSubsystem.dll (API version 3944462).
LogModuleManager: Display: Found up-to-date module file ../../../Engine/Plugins/Online/OnlineSubsystemNull/Binaries/Win64/UE4Editor-OnlineSubsystemNull.dll (API version 3944462).
LogModuleManager: Display: Found up-to-date module file ../../../Engine/Plugins/Online/OnlineSubsystemUtils/Binaries/Win64/UE4Editor-OnlineSubsystemUtils.dll (API version 3944462).
LogModuleManager: Display: Found up-to-date module file ../../../Engine/Plugins/Online/OnlineSubsystemUtils/Binaries/Win64/UE4Editor-OnlineBlueprintSupport.dll (API version 3944462).
LogModuleManager: Display: Found up-to-date module file ../../../Engine/Plugins/Runtime/AndroidDeviceProfileSelector/Binaries/Win64/UE4Editor-AndroidDeviceProfileSelector.dll (API version 3944462).
LogModuleManager: Display: Found up-to-date module file ../../../Engine/Plugins/Runtime/AndroidPermission/Binaries/Win64/UE4Editor-AndroidPermission.dll (API version 3944462).
LogModuleManager: Display: Found up-to-date module file ../../../Engine/Plugins/Runtime/AppleARKit/Binaries/Win64/UE4Editor-AppleARKit.dll (API version 3944462).
LogModuleManager: Display: Found up-to-date module file ../../../Engine/Plugins/Runtime/ArchVisCharacter/Binaries/Win64/UE4Editor-ArchVisCharacter.dll (API version 3944462).
LogModuleManager: Display: Found up-to-date module file ../../../Engine/Plugins/Runtime/AudioCapture/Binaries/Win64/UE4Editor-AudioCapture.dll (API version 3944462).
LogModuleManager: Display: Found up-to-date module file ../../../Engine/Plugins/Runtime/AudioCapture/Binaries/Win64/UE4Editor-AudioCaptureEditor.dll (API version 3944462).
LogModuleManager: Display: Found up-to-date module file ../../../Engine/Plugins/Runtime/CableComponent/Binaries/Win64/UE4Editor-CableComponent.dll (API version 3944462).
LogModuleManager: Display: Found up-to-date module file ../../../Engine/Plugins/Runtime/CustomMeshComponent/Binaries/Win64/UE4Editor-CustomMeshComponent.dll (API version 3944462).
LogModuleManager: Display: Found up-to-date module file ../../../Engine/Plugins/Runtime/ExampleDeviceProfileSelector/Binaries/Win64/UE4Editor-ExampleDeviceProfileSelector.dll (API version 3944462).
LogModuleManager: Display: Found up-to-date module file ../../../Engine/Plugins/Runtime/ImmediatePhysics/Binaries/Win64/UE4Editor-ImmediatePhysics.dll (API version 3944462).
LogModuleManager: Display: Found up-to-date module file ../../../Engine/Plugins/Runtime/ImmediatePhysics/Binaries/Win64/UE4Editor-ImmediatePhysicsEditor.dll (API version 3944462).
LogModuleManager: Display: Found up-to-date module file ../../../Engine/Plugins/Runtime/LocationServicesBPLibrary/Binaries/Win64/UE4Editor-LocationServicesBPLibrary.dll (API version 3944462).
LogModuleManager: Display: Found up-to-date module file ../../../Engine/Plugins/Runtime/MobilePatchingUtils/Binaries/Win64/UE4Editor-MobilePatchingUtils.dll (API version 3944462).
LogModuleManager: Display: Found up-to-date module file ../../../Engine/Plugins/Runtime/Oculus/OculusVR/Binaries/Win64/UE4Editor-OculusHMD.dll (API version 3944462).
LogModuleManager: Display: Found up-to-date module file ../../../Engine/Plugins/Runtime/Oculus/OculusVR/Binaries/Win64/UE4Editor-OculusInput.dll (API version 3944462).
LogModuleManager: Display: Found up-to-date module file ../../../Engine/Plugins/Runtime/Oculus/OculusVR/Binaries/Win64/UE4Editor-OculusEditor.dll (API version 3944462).
LogModuleManager: Display: Found up-to-date module file ../../../Engine/Plugins/Runtime/PhysXVehicles/Binaries/Win64/UE4Editor-PhysXVehicles.dll (API version 3944462).
LogModuleManager: Display: Found up-to-date module file ../../../Engine/Plugins/Runtime/PhysXVehicles/Binaries/Win64/UE4Editor-PhysXVehiclesEditor.dll (API version 3944462).
LogModuleManager: Display: Found up-to-date module file ../../../Engine/Plugins/Runtime/ProceduralMeshComponent/Binaries/Win64/UE4Editor-ProceduralMeshComponent.dll (API version 3944462).
LogModuleManager: Display: Found up-to-date module file ../../../Engine/Plugins/Runtime/ProceduralMeshComponent/Binaries/Win64/UE4Editor-ProceduralMeshComponentEditor.dll (API version 3944462).
LogModuleManager: Display: Found up-to-date module file ../../../Engine/Plugins/Runtime/RuntimePhysXCooking/Binaries/Win64/UE4Editor-RuntimePhysXCooking.dll (API version 3944462).
LogModuleManager: Display: Found up-to-date module file ../../../Engine/Plugins/Runtime/Steam/SteamVR/Binaries/Win64/UE4Editor-SteamVR.dll (API version 3944462).
LogModuleManager: Display: Found up-to-date module file ../../../Engine/Plugins/Runtime/Steam/SteamVR/Binaries/Win64/UE4Editor-SteamVRController.dll (API version 3944462).
LogModuleManager: Display: Found up-to-date module file ../../../Engine/Plugins/Runtime/WindowsMoviePlayer/Binaries/Win64/UE4Editor-WindowsMoviePlayer.dll (API version 3944462).
LogInit: Using libcurl 7.47.1
LogInit:  - built for x86_64-pc-win32
LogInit:  - supports SSL with OpenSSL/1.0.2g
LogInit:  - supports HTTP deflate (compression) using libz 1.2.8
LogInit:  - other features:
LogInit:      CURL_VERSION_SSL
LogInit:      CURL_VERSION_LIBZ
LogInit:      CURL_VERSION_IPV6
LogInit:      CURL_VERSION_ASYNCHDNS
LogInit:      CURL_VERSION_LARGEFILE
LogInit:      CURL_VERSION_IDN
LogInit:  CurlRequestOptions (configurable via config and command line):
LogInit:  - bVerifyPeer = false  - Libcurl will NOT verify peer certificate
LogInit:  - bUseHttpProxy = false  - Libcurl will NOT use HTTP proxy
LogInit:  - bDontReuseConnections = false  - Libcurl will reuse connections
LogInit:  - CertBundlePath = nullptr  - Libcurl will use whatever was configured at build time.
LogInit:  - MaxHostConnections = 16  - Libcurl will limit the number of connections to a host
LogInit:  - LocalHostAddr = Default
LogInit: WinSock: version 1.1 (2.2), MaxSocks=32767, MaxUdp=65467
LogInit: WinSock: I am DESKTOP-IQN5V3H (172.28.1.55:0)
LogInit: Build: ++UE4+Release-4.19-CL-4033788
LogInit: Engine Version: 4.19.2-4033788+++UE4+Release-4.19
LogInit: Compatible Engine Version: 4.19.0-3944462+++UE4+Release-4.19
LogInit: Net CL: 3944462
LogDevObjectVersion: Number of dev versions registered: 18
LogDevObjectVersion:   Dev-Blueprints (B0D832E4-1F89-4F0D-ACCF-7EB736FD4AA2): 10
LogDevObjectVersion:   Dev-Build (E1C64328-A22C-4D53-A36C-8E866417BD8C): 0
LogDevObjectVersion:   Dev-Core (375EC13C-06E4-48FB-B500-84F0262A717E): 2
LogDevObjectVersion:   Dev-Editor (E4B068ED-F494-42E9-A231-DA0B2E46BB41): 23
LogDevObjectVersion:   Dev-Framework (CFFC743F-43B0-4480-9391-14DF171D2073): 33
LogDevObjectVersion:   Dev-Mobile (B02B49B5-BB20-44E9-A304-32B752E40360): 2
LogDevObjectVersion:   Dev-Networking (A4E4105C-59A1-49B5-A7C5-40C4547EDFEE): 0
LogDevObjectVersion:   Dev-Online (39C831C9-5AE6-47DC-9A44-9C173E1C8E7C): 0
LogDevObjectVersion:   Dev-Physics (78F01B33-EBEA-4F98-B9B4-84EACCB95AA2): 0
LogDevObjectVersion:   Dev-Platform (6631380F-2D4D-43E0-8009-CF276956A95A): 0
LogDevObjectVersion:   Dev-Rendering (12F88B9F-8875-4AFC-A67C-D90C383ABD29): 25
LogDevObjectVersion:   Dev-Sequencer (7B5AE74C-D270-4C10-A958-57980B212A5A): 6
LogDevObjectVersion:   Dev-VR (D7296918-1DD6-4BDD-9DE2-64A83CC13884): 1
LogDevObjectVersion:   Dev-LoadTimes (C2A15278-BFE7-4AFE-6C17-90FF531DF755): 1
LogDevObjectVersion:   Private-Geometry (6EACA3D4-40EC-4CC1-B786-8BED09428FC5): 2
LogDevObjectVersion:   Dev-AnimPhys (29E575DD-E0A3-4627-9D10-D276232CDCEA): 16
LogDevObjectVersion:   Dev-ReflectionCapture (6B266CEC-1EC7-4B8F-A30B-E4D90942FC07): 1
LogDevObjectVersion:   Dev-Automation (0DF73D61-A23F-47EA-B727-89E90C41499A): 1
LogInit: Compiled (64-bit): Apr 27 2018 02:06:57
LogInit: Compiled with Visual C++: 19.00.24215.01
LogInit: Build Configuration: Development
LogInit: Branch Name: ++UE4+Release-4.19
LogInit: Command Line: 
LogInit: Base Directory: C:/Program Files/Epic Games/UE_4.19/Engine/Binaries/Win64/
LogInit: Installed Engine Build: 1
LogStreaming: Display: Took  0.001s to delete old logs.
LogInit: Presizing for max 8388607 objects, including 0 objects not considered by GC, pre-allocating 0 bytes for permanent pool.
LogInit: Object subsystem initialized
[2018.09.25-07.14.20:015][  0]LogInit: Selected Device Profile: [Windows]
[2018.09.25-07.14.20:015][  0]LogInit: Applying CVar settings loaded from the selected device profile: [Windows]
[2018.09.25-07.14.20:038][  0]LogInit: Computer: DESKTOP-IQN5V3H
[2018.09.25-07.14.20:038][  0]LogInit: User: luoze
[2018.09.25-07.14.20:038][  0]LogInit: CPU Page size=4096, Cores=4
[2018.09.25-07.14.20:038][  0]LogInit: High frequency timer resolution =2.062501 MHz
[2018.09.25-07.14.20:038][  0]LogMemory: Memory total: Physical=15.9GB (16GB approx)
[2018.09.25-07.14.20:038][  0]LogMemory: Platform Memory Stats for Windows
[2018.09.25-07.14.20:038][  0]LogMemory: Process Physical Memory: 277.55 MB used, 277.55 MB peak
[2018.09.25-07.14.20:038][  0]LogMemory: Process Virtual Memory: 264.89 MB used, 264.89 MB peak
[2018.09.25-07.14.20:038][  0]LogMemory: Physical Memory: 5985.23 MB used,  10323.70 MB free, 16308.93 MB total
[2018.09.25-07.14.20:038][  0]LogMemory: Virtual Memory: 4795.95 MB used,  10323.70 MB free, 134217728.00 MB total
[2018.09.25-07.14.20:081][  0]LogInit: Overriding language with editor language configuration option (en).
[2018.09.25-07.14.20:081][  0]LogInit: Overriding locale with editor locale configuration option (en).
[2018.09.25-07.14.20:534][  0]LogStreaming: Display: Took  0.453s to EndInitTextLocalization.
[2018.09.25-07.14.20:535][  0]LogInit: Setting process to per monitor DPI aware
[2018.09.25-07.14.20:605][  0]LogSlate: New Slate User Created.  User Index 0, Is Virtual User: 0
[2018.09.25-07.14.20:605][  0]LogSlate: Slate User Registered.  User Index 0, Is Virtual User: 0
[2018.09.25-07.14.21:051][  0]LogD3D11RHI: D3D11 adapters:
[2018.09.25-07.14.21:140][  0]LogD3D11RHI:    0. 'NVIDIA GeForce GTX 1060' (Feature Level 11_0)
[2018.09.25-07.14.21:140][  0]LogD3D11RHI:       6054/0/8154 MB DedicatedVideo/DedicatedSystem/SharedSystem, Outputs:1, VendorId:0x10de
[2018.09.25-07.14.21:161][  0]LogD3D11RHI:    1. 'Intel(R) UHD Graphics 620' (Feature Level 11_0)
[2018.09.25-07.14.21:161][  0]LogD3D11RHI:       128/0/8154 MB DedicatedVideo/DedicatedSystem/SharedSystem, Outputs:0, VendorId:0x8086
[2018.09.25-07.14.21:164][  0]LogD3D11RHI:    2. 'Microsoft Basic Render Driver' (Feature Level 11_0)
[2018.09.25-07.14.21:165][  0]LogD3D11RHI:       0/0/8154 MB DedicatedVideo/DedicatedSystem/SharedSystem, Outputs:0, VendorId:0x1414
[2018.09.25-07.14.21:165][  0]LogD3D11RHI: Chosen D3D11 Adapter: 0
[2018.09.25-07.14.21:185][  0]LogD3D11RHI: Creating new Direct3DDevice
[2018.09.25-07.14.21:186][  0]LogD3D11RHI:     GPU DeviceId: 0x1c20 (for the marketing name, search the web for "GPU Device Id")
[2018.09.25-07.14.21:186][  0]LogWindows: EnumDisplayDevices:
[2018.09.25-07.14.21:186][  0]LogWindows:    0. 'Intel(R) UHD Graphics 620' (P:1 D:1)
[2018.09.25-07.14.21:186][  0]LogWindows:    1. 'Intel(R) UHD Graphics 620' (P:0 D:0)
[2018.09.25-07.14.21:186][  0]LogWindows:    2. 'Intel(R) UHD Graphics 620' (P:0 D:0)
[2018.09.25-07.14.21:186][  0]LogWindows: DebugString: GetVideoDriverDetailsInvalid PrimaryIsNotTheChoosenAdapter GetVideoDriverDetailsInvalid PrimaryIsNotTheChoosenAdapter GetVideoDriverDetailsInvalid PrimaryIsNotTheChoosenAdapter FoundDriverCount:0 
[2018.09.25-07.14.21:187][  0]LogD3D11RHI:     Adapter Name: NVIDIA GeForce GTX 1060
[2018.09.25-07.14.21:187][  0]LogD3D11RHI:   Driver Version: Unknown (internal:Unknown, unified:Unknown)
[2018.09.25-07.14.21:187][  0]LogD3D11RHI:      Driver Date: Unknown
[2018.09.25-07.14.21:187][  0]LogRHI: Texture pool is 4237 MB (70% of 6054 MB)
[2018.09.25-07.14.21:241][  0]LogD3D11RHI: [Aftermath] Aftermath enabled and primed
[2018.09.25-07.14.21:241][  0]LogD3D11RHI: [Aftermath] Aftermath enabled and primed
[2018.09.25-07.14.21:241][  0]LogD3D11RHI: Async texture creation enabled
[2018.09.25-07.14.21:276][  0]LogD3D11RHI: GPU Timing Frequency: 1000.000000 (Debug: 2 2)
[2018.09.25-07.14.21:277][  0]LogShaderCompilers: Guid format shader working directory is -20 characters bigger than the processId version (../../../../../../Users/luoze/Documents/GitHub/SelfLearnUnreal/S1/Intermediate/Shaders/WorkingDirectory/17412/).
[2018.09.25-07.14.21:277][  0]LogShaderCompilers: Cleaned the shader compiler working directory 'C:/Users/luoze/AppData/Local/Temp/UnrealShaderWorkingDir/986B6CBF4A2A61CD18A612AD720471AE/'.
[2018.09.25-07.14.21:573][  0]LogTemp: Display: Loaded TP AllDesktopTargetPlatform
[2018.09.25-07.14.21:590][  0]LogTemp: Display: Loaded TP MacClientTargetPlatform
[2018.09.25-07.14.21:613][  0]LogTemp: Display: Loaded TP MacNoEditorTargetPlatform
[2018.09.25-07.14.21:635][  0]LogTemp: Display: Loaded TP MacServerTargetPlatform
[2018.09.25-07.14.21:652][  0]LogTemp: Display: Loaded TP MacTargetPlatform
[2018.09.25-07.14.21:669][  0]LogTemp: Display: Loaded TP WindowsClientTargetPlatform
[2018.09.25-07.14.21:686][  0]LogTemp: Display: Loaded TP WindowsNoEditorTargetPlatform
[2018.09.25-07.14.21:704][  0]LogTemp: Display: Loaded TP WindowsServerTargetPlatform
[2018.09.25-07.14.21:713][  0]LogTemp: Display: Loaded TP WindowsTargetPlatform
[2018.09.25-07.14.21:728][  0]LogTemp: Display: Loaded TP Android_ASTCTargetPlatform
[2018.09.25-07.14.21:744][  0]LogTemp: Display: Loaded TP Android_ATCTargetPlatform
[2018.09.25-07.14.21:759][  0]LogTemp: Display: Loaded TP Android_DXTTargetPlatform
[2018.09.25-07.14.21:775][  0]LogTemp: Display: Loaded TP Android_ETC1aTargetPlatform
[2018.09.25-07.14.21:792][  0]LogTemp: Display: Loaded TP Android_ETC1TargetPlatform
[2018.09.25-07.14.21:808][  0]LogTemp: Display: Loaded TP Android_ETC2TargetPlatform
[2018.09.25-07.14.21:838][  0]LogTemp: Display: Loaded TP Android_MultiTargetPlatform
[2018.09.25-07.14.21:838][  0]LogTemp: Display: Loaded TP Android_PVRTCTargetPlatform
[2018.09.25-07.14.21:852][  0]LogTemp: Display: Loaded TP AndroidTargetPlatform
[2018.09.25-07.14.21:855][  0]LogTemp: Display: Loaded TP HTML5TargetPlatform
[2018.09.25-07.14.21:899][  0]LogTemp: Display: Loaded TP IOSTargetPlatform
[2018.09.25-07.14.21:913][  0]LogTemp: Display: Loaded TP TVOSTargetPlatform
[2018.09.25-07.14.21:927][  0]LogTemp: Display: Loaded TP LinuxClientTargetPlatform
[2018.09.25-07.14.21:943][  0]LogTemp: Display: Loaded TP LinuxNoEditorTargetPlatform
[2018.09.25-07.14.21:957][  0]LogTemp: Display: Loaded TP LinuxServerTargetPlatform
[2018.09.25-07.14.21:975][  0]LogTemp: Display: Loaded TP LinuxTargetPlatform
[2018.09.25-07.14.21:975][  0]LogTargetPlatformManager: Display: Building Assets For Windows
[2018.09.25-07.14.22:211][  0]LogXGEController: Cannot use XGE Controller as Incredibuild is not installed on this machine.
[2018.09.25-07.14.22:211][  0]LogShaderCompilers: Cannot use XGE Shader Compiler as Incredibuild is not installed on this machine.
[2018.09.25-07.14.22:211][  0]LogShaderCompilers: Display: Using Local Shader Compiler.
[2018.09.25-07.14.23:217][  0]LogDerivedDataCache: Display: Max Cache Size: 512 MB
[2018.09.25-07.14.23:290][  0]LogDerivedDataCache: Loaded boot cache 0.07s 74MB C:/Users/luoze/AppData/Local/UnrealEngine/4.19/DerivedDataCache/Boot.ddc.
[2018.09.25-07.14.23:290][  0]LogDerivedDataCache: Display: Loaded Boot cache: C:/Users/luoze/AppData/Local/UnrealEngine/4.19/DerivedDataCache/Boot.ddc
[2018.09.25-07.14.23:291][  0]LogDerivedDataCache: FDerivedDataBackendGraph:  Pak pak cache file ../../../../../../Users/luoze/Documents/GitHub/SelfLearnUnreal/S1/DerivedDataCache/DDC.ddp not found, will not use a pak cache.
[2018.09.25-07.14.23:291][  0]LogDerivedDataCache: Unable to find inner node Pak for hierarchical cache Hierarchy.
[2018.09.25-07.14.23:291][  0]LogDerivedDataCache: FDerivedDataBackendGraph:  CompressedPak pak cache file ../../../../../../Users/luoze/Documents/GitHub/SelfLearnUnreal/S1/DerivedDataCache/Compressed.ddp not found, will not use a pak cache.
[2018.09.25-07.14.23:291][  0]LogDerivedDataCache: Unable to find inner node CompressedPak for hierarchical cache Hierarchy.
[2018.09.25-07.14.23:306][  0]LogDerivedDataCache: Display: Pak cache opened for reading ../../../Engine/DerivedDataCache/Compressed.ddp.
[2018.09.25-07.14.23:320][  0]LogDerivedDataCache: Using Local data cache path C:/Users/luoze/AppData/Local/UnrealEngine/Common/DerivedDataCache: Writable
[2018.09.25-07.14.23:320][  0]LogDerivedDataCache: Shared data cache path not found in *engine.ini, will not use an Shared cache.
[2018.09.25-07.14.23:320][  0]LogDerivedDataCache: Unable to find inner node Shared for hierarchical cache Hierarchy.
[2018.09.25-07.14.23:333][  0]LogMaterial: Verifying Global Shaders for PCD3D_SM5
[2018.09.25-07.14.23:333][  0]LogSlate: Using Freetype 2.6.0
[2018.09.25-07.14.23:334][  0]LogSlate: SlateFontCache - WITH_FREETYPE: 1, WITH_HARFBUZZ: 1
[2018.09.25-07.14.23:334][  0]LogSlate: SlateFontCache - WITH_FREETYPE: 1, WITH_HARFBUZZ: 1
[2018.09.25-07.14.23:569][  0]LogAssetRegistry: FAssetRegistry took 0.0273 seconds to start up
[2018.09.25-07.14.23:979][  0]LogInit: Selected Device Profile: [Windows]
[2018.09.25-07.14.24:192][  0]LogSimplygon: Simplygon DLL not present - disabling.
[2018.09.25-07.14.24:197][  0]LogMeshReduction: Using SimplygonSwarm for distributed automatic mesh merging
[2018.09.25-07.14.24:197][  0]LogMeshReduction: Using QuadricMeshReduction for automatic static mesh reduction
[2018.09.25-07.14.24:197][  0]LogMeshReduction: No automatic skeletal mesh reduction module available
[2018.09.25-07.14.24:197][  0]LogMeshReduction: No automatic mesh merging module available
[2018.09.25-07.14.24:197][  0]LogMeshMerging: No automatic mesh merging module available
[2018.09.25-07.14.24:260][  0]LogNetVersion: S1 , NetCL: 3944462, EngineNetVer: 2, GameNetVer: 0 (Checksum: 1039805533)
[2018.09.25-07.14.24:879][  0]LogPackageLocalizationCache: Processed 9 localized package path(s) for 1 prioritized culture(s) in 0.081676 seconds
[2018.09.25-07.14.24:888][  0]LogUObjectArray: 36728 objects as part of root set at end of initial load.
[2018.09.25-07.14.24:888][  0]LogUObjectAllocator: 7314312 out of 0 bytes used by permanent object pool.
[2018.09.25-07.14.24:888][  0]LogUObjectArray: CloseDisregardForGC: 0/0 objects in disregard for GC pool
[2018.09.25-07.14.27:345][  0]LogTcpMessaging: Initializing TcpMessaging bridge
[2018.09.25-07.14.27:398][  0]LogUdpMessaging: Initializing bridge on interface 0.0.0.0:0 to multicast group 230.0.0.1:6666.
[2018.09.25-07.14.28:161][  0]SourceControl: Source control is disabled
[2018.09.25-07.14.28:162][  0]SourceControl: Source control is disabled
[2018.09.25-07.14.28:204][  0]SourceControl: Source control is disabled
[2018.09.25-07.14.28:249][  0]SourceControl: Source control is disabled
[2018.09.25-07.14.29:270][  0]LogAndroidPermission: UAndroidPermissionCallbackProxy::GetInstance
[2018.09.25-07.14.29:608][  0]LogOcInput: OculusInput pre-init called
[2018.09.25-07.14.29:800][  0]LogEngine: Initializing Engine...
[2018.09.25-07.14.29:802][  0]LogHMD: Failed to initialize OpenVR with code 110
[2018.09.25-07.14.29:805][  0]LogStats: UGameplayTagsManager::ConstructGameplayTagTree: Construct from data asset -  0.000 s
[2018.09.25-07.14.29:805][  0]LogStats: UGameplayTagsManager::ConstructGameplayTagTree: GameplayTagTreeChangedEvent.Broadcast -  0.000 s
[2018.09.25-07.14.30:084][  0]LogAIModule: Creating AISystem for world Untitled
[2018.09.25-07.14.30:100][  0]LogInit: XAudio2 using 'Headphones (Realtek High Definition Audio(SST))' : 2 channels at 48 kHz using 32 bits per sample (channel mask 0x3)
[2018.09.25-07.14.30:765][  0]LogInit: FAudioDevice initialized.
[2018.09.25-07.14.30:851][  0]LogDerivedDataCache: Saved boot cache 0.09s 74MB C:/Users/luoze/AppData/Local/UnrealEngine/4.19/DerivedDataCache/Boot.ddc.
[2018.09.25-07.14.30:866][  0]LogInit: Texture streaming: Enabled
[2018.09.25-07.14.30:889][  0]LogEngineSessionManager: EngineSessionManager initialized
[2018.09.25-07.14.30:910][  0]LogInit: Transaction tracking system initialized
[2018.09.25-07.14.30:954][  0]BlueprintLog: New page: Editor Load
[2018.09.25-07.14.31:080][  0]LocalizationService: Localization service is disabled
[2018.09.25-07.14.31:245][  0]LogConsoleResponse: Display: 
[2018.09.25-07.14.31:482][  0]LogCook: Display: Max memory allowance for cook 16384mb min free memory 0mb
[2018.09.25-07.14.31:482][  0]LogCook: Display: Mobile HDR setting 1
[2018.09.25-07.14.31:482][  0]LogGameplayTags: Display: UGameplayTagsManager::DoneAddingNativeTags. DelegateIsBound: 0
[2018.09.25-07.14.31:483][  0]LogStats: UGameplayTagsManager::ConstructGameplayTagTree: Construct from data asset -  0.000 s
[2018.09.25-07.14.31:483][  0]LogStats: UGameplayTagsManager::ConstructGameplayTagTree: GameplayTagTreeChangedEvent.Broadcast -  0.000 s
[2018.09.25-07.14.32:084][  0]LogFileCache: Scanning file cache for directory 'C:/Users/luoze/Documents/GitHub/SelfLearnUnreal/S1/Content/' took 0.02s
[2018.09.25-07.14.32:252][  0]SourceControl: Source control is disabled
[2018.09.25-07.14.32:252][  0]Cmd: MAP LOAD FILE="../../../../../../Users/luoze/Documents/GitHub/SelfLearnUnreal/S1/Content/NewMap.umap" TEMPLATE=0 SHOWPROGRESS=1 FEATURELEVEL=3
[2018.09.25-07.14.32:253][  0]LightingResults: New page: Lighting Build
[2018.09.25-07.14.32:258][  0]MapCheck: New page: Map Check
[2018.09.25-07.14.32:258][  0]LightingResults: New page: Lighting Build
[2018.09.25-07.14.32:604][  0]LogAIModule: Creating AISystem for world NewMap
[2018.09.25-07.14.32:611][  0]LogEditorServer: Finished looking for orphan Actors (0.000 secs)
[2018.09.25-07.14.32:626][  0]Cmd: MAP CHECKDEP NOCLEARLOG
[2018.09.25-07.14.32:758][  0]MapCheck: Map check complete: 0 Error(s), 0 Warning(s), took 132.135ms to complete.
[2018.09.25-07.14.32:758][  0]LogFileHelpers: Loading map 'NewMap' took 0.506
[2018.09.25-07.14.33:027][  0]LogCollectionManager: Loaded 0 collections in 0.002320 seconds
[2018.09.25-07.14.33:092][  0]LogFileCache: Scanning file cache for directory 'C:/Users/luoze/Documents/GitHub/SelfLearnUnreal/S1/Saved/Collections/' took 0.01s
[2018.09.25-07.14.33:092][  0]LogFileCache: Scanning file cache for directory 'C:/Users/luoze/Documents/GitHub/SelfLearnUnreal/S1/Content/Developers/luoze/Collections/' took 0.01s
[2018.09.25-07.14.33:092][  0]LogFileCache: Scanning file cache for directory 'C:/Users/luoze/Documents/GitHub/SelfLearnUnreal/S1/Content/Collections/' took 0.01s
[2018.09.25-07.14.33:092][  0]LogCollectionManager: Rebuilt the GUID cache for 0 collections in 0.000001 seconds
[2018.09.25-07.14.33:103][  0]LogContentBrowser: Native class hierarchy populated in 0.0101 seconds. Added 2455 classes and 562 folders.
[2018.09.25-07.14.33:118][  0]LogContentBrowser: Native class hierarchy updated for 'WidgetCarousel' in 0.0015 seconds. Added 0 classes and 0 folders.
[2018.09.25-07.14.33:620][  0]LogContentBrowser: Native class hierarchy updated for 'AddContentDialog' in 0.0022 seconds. Added 0 classes and 0 folders.
[2018.09.25-07.14.33:678][  0]LogSlate: Took 0.000869 seconds to synchronously load lazily loaded font '../../../Engine/Content/Slate/Fonts/Roboto-Regular.ttf' (155K)
[2018.09.25-07.14.33:692][  0]LogSlate: Took 0.001332 seconds to synchronously load lazily loaded font '../../../Engine/Content/Slate/Fonts/Roboto-Bold.ttf' (160K)
[2018.09.25-07.14.33:706][  0]LogSlate: Took 0.008909 seconds to synchronously load lazily loaded font '../../../Engine/Content/Editor/Slate/Fonts/FontAwesome.ttf' (139K)
[2018.09.25-07.14.33:713][  0]LogSlate: Took 0.006753 seconds to synchronously load lazily loaded font '../../../Engine/Content/Slate/Fonts/DroidSansMono.ttf' (77K)
[2018.09.25-07.14.33:900][  0]LogRenderer: Reallocating scene render targets to support 916x576 Format 10 NumSamples 1 (Frame:1).
[2018.09.25-07.14.34:085][  0]LogContentBrowser: Native class hierarchy updated for 'HierarchicalLODOutliner' in 0.0014 seconds. Added 0 classes and 0 folders.
[2018.09.25-07.14.34:085][  0]LogLoad: (Engine Initialization) Total time: 20.44 seconds
[2018.09.25-07.14.34:085][  0]LogLoad: (Engine Initialization) Total Blueprint compile time: 0.00 seconds
[2018.09.25-07.14.34:097][  0]LogWindowsTextInputMethodSystem: Display: IME system now activated using TSF (微软拼音).
[2018.09.25-07.14.34:123][  0]LogSlate: Took 0.025688 seconds to synchronously load lazily loaded font '../../../Engine/Content/Slate/Fonts/DroidSansFallback.ttf' (3848K)
[2018.09.25-07.14.34:142][  0]LogAssetRegistry: Asset discovery search completed in 10.5956 seconds
[2018.09.25-07.14.34:144][  0]LogCollectionManager: Rebuilt the object cache for 0 collections in 0.000000 seconds (found 0 objects)
[2018.09.25-07.14.34:144][  0]LogCollectionManager: Fixed up redirectors for 0 collections in 0.000314 seconds (updated 0 objects)
[2018.09.25-07.14.34:148][  0]LogContentStreaming: Texture pool size now 1000 MB
[2018.09.25-07.39.42:274][342]LogSlate: FSceneViewport::OnFocusLost() reason 0
[2018.09.25-07.39.44:159][421]LogSlate: Took 0.006647 seconds to synchronously load lazily loaded font '../../../Engine/Content/Slate/Fonts/Roboto-Italic.ttf' (157K)
[2018.09.25-07.39.56:023][922]LogSlate: Took 0.005260 seconds to synchronously load lazily loaded font '../../../Engine/Content/Slate/Fonts/Roboto-Light.ttf' (167K)
[2018.09.25-07.40.06:275][ 59]LogVSAccessor: Warning: Visual Studio is open but could not be queried - it may be blocked by a modal operation
[2018.09.25-07.40.07:847][ 60]LogVSAccessor: Warning: Couldn't open file 'C:/Users/luoze/Documents/GitHub/SelfLearnUnreal/S1/Source/S1/PositionReport.cpp'.
[2018.09.25-07.43.37:992][692]LogAudio: Warning: Current Audio Device with ID {0.0.0.00000000}.{57b56653-d8f2-404b-963b-75ae529544e2} was removed. Shutting down audio device.
[2018.09.25-07.43.38:339][692]LogInit: XAudio2 using 'Speakers (Realtek High Definition Audio(SST))' : 2 channels at 48 kHz using 32 bits per sample (channel mask 0x3)
[2018.09.25-07.43.39:336][695]LogInit: XAudio2 using 'Speakers (Realtek High Definition Audio(SST))' : 2 channels at 48 kHz using 32 bits per sample (channel mask 0x3)
[2018.09.25-07.44.21:352][821]LogInit: XAudio2 using 'Headphones (Realtek High Definition Audio(SST))' : 2 channels at 48 kHz using 32 bits per sample (channel mask 0x3)
[2018.09.25-07.44.22:672][825]LogInit: XAudio2 using 'Headphones (Realtek High Definition Audio(SST))' : 2 channels at 48 kHz using 32 bits per sample (channel mask 0x3)
[2018.09.25-07.50.51:656][992]LogWindowsTextInputMethodSystem: Display: IME system now deactivated.
[2018.09.25-07.50.51:657][992]LogWindowsTextInputMethodSystem: Display: IME system now deactivated.
[2018.09.25-07.56.53:402][545]Candidate modules for hot reload:
[2018.09.25-07.56.53:402][545]  S1
[2018.09.25-07.56.53:402][545]Launching UnrealBuildTool... [C:/Program Files/Epic Games/UE_4.19/Engine/Binaries/DotNET/UnrealBuildTool.exe S1 -ModuleWithSuffix=S1,6223 Win64 Development -editorrecompile -canskiplink "C:/Users/luoze/Documents/GitHub/SelfLearnUnreal/S1/S1.uproject" ]
[2018.09.25-07.56.53:413][545]Warning: Starting HotReload took  0.0s.
[2018.09.25-07.56.53:666][559]CompilerResultsLog: New page: Compilation - Sep 26, 2018, 7:56:53 AM
[2018.09.25-07.56.53:667][559]CompilerResultsLog: ERROR: UnrealBuildTool Exception: A conflicting instance of UnrealBuildTool is already running at this location: C:\Program Files\Epic Games\UE_4.19\Engine\Binaries\DotNET\UnrealBuildTool.exe. A process manager may be used to determine the conflicting process and what tool may have launched it.
[2018.09.25-07.56.53:668][559]LogMainFrame: MainFrame: Module compiling took 0.275 seconds
[2018.09.25-07.56.53:668][559]Warning: HotReload failed, recompile failed
[2018.09.25-07.57.08:833][899]Candidate modules for hot reload:
[2018.09.25-07.57.08:834][899]  S1
[2018.09.25-07.57.08:834][899]Launching UnrealBuildTool... [C:/Program Files/Epic Games/UE_4.19/Engine/Binaries/DotNET/UnrealBuildTool.exe S1 -ModuleWithSuffix=S1,156 Win64 Development -editorrecompile -canskiplink "C:/Users/luoze/Documents/GitHub/SelfLearnUnreal/S1/S1.uproject" ]
[2018.09.25-07.57.08:846][899]Warning: Starting HotReload took  0.0s.
[2018.09.25-07.57.09:123][914]CompilerResultsLog: New page: Compilation - Sep 26, 2018, 7:57:09 AM
[2018.09.25-07.57.09:123][914]CompilerResultsLog: ERROR: UnrealBuildTool Exception: A conflicting instance of UnrealBuildTool is already running at this location: C:\Program Files\Epic Games\UE_4.19\Engine\Binaries\DotNET\UnrealBuildTool.exe. A process manager may be used to determine the conflicting process and what tool may have launched it.
[2018.09.25-07.57.09:124][914]LogMainFrame: MainFrame: Module compiling took 0.300 seconds
[2018.09.25-07.57.09:125][914]Warning: HotReload failed, recompile failed
[2018.09.25-07.57.44:298][188]LogTemp: Repeating last play command: Selected Viewport
[2018.09.25-07.57.44:337][188]LogPlayLevel: PlayLevel: No blueprints needed recompiling
[2018.09.25-07.57.44:338][188]PIE: New page: PIE session: NewMap (Sep 26, 2018, 7:57:44 AM)
[2018.09.25-07.57.44:339][188]LogPlayLevel: Creating play world package: /Game/UEDPIE_0_NewMap
[2018.09.25-07.57.44:350][188]LogPlayLevel: PIE: StaticDuplicateObject took: (0.010785s)
[2018.09.25-07.57.44:353][188]LogAIModule: Creating AISystem for world NewMap
[2018.09.25-07.57.44:354][188]LogPlayLevel: PIE: World Init took: (0.003423s)
[2018.09.25-07.57.44:354][188]LogPlayLevel: PIE: Created PIE world by copying editor world from /Game/NewMap.NewMap to /Game/UEDPIE_0_NewMap.NewMap (0.015605s)
[2018.09.25-07.57.44:398][188]LogInit: XAudio2 using 'Headphones (Realtek High Definition Audio(SST))' : 2 channels at 48 kHz using 32 bits per sample (channel mask 0x3)
[2018.09.25-07.57.44:436][188]LogInit: FAudioDevice initialized.
[2018.09.25-07.57.44:494][188]LogUObjectGlobals: Warning: Failed to find object 'Class /Script/S1.S1GameMode'
[2018.09.25-07.57.44:494][188]LogLoad: Game class is 'GameModeBase'
[2018.09.25-07.57.44:499][188]LogWorld: Bringing World /Game/UEDPIE_0_NewMap.NewMap up for play (max tick rate 0) at 2018.09.25-19.57.44
[2018.09.25-07.57.44:500][188]LogWorld: Bringing up level for play took: 0.002697
[2018.09.25-07.57.44:929][188]LogContentBrowser: Native class hierarchy updated for 'MovieSceneCapture' in 0.0024 seconds. Added 11 classes and 0 folders.
[2018.09.25-07.57.44:933][188]LogTemp: Warning: mytest
[2018.09.25-07.57.44:934][188]LogTemp: Warning: mytest
[2018.09.25-07.57.44:934][188]PIE: Play in editor start time for /Game/UEDPIE_0_NewMap 1.325
[2018.09.25-07.57.54:309][578]LogSlate: FSceneViewport::OnFocusLost() reason 0
[2018.09.25-07.57.54:397][582]Candidate modules for hot reload:
[2018.09.25-07.57.54:397][582]  S1
[2018.09.25-07.57.54:398][582]Launching UnrealBuildTool... [C:/Program Files/Epic Games/UE_4.19/Engine/Binaries/DotNET/UnrealBuildTool.exe S1 -ModuleWithSuffix=S1,2321 Win64 Development -editorrecompile -canskiplink "C:/Users/luoze/Documents/GitHub/SelfLearnUnreal/S1/S1.uproject" ]
[2018.09.25-07.57.54:408][582]Warning: Starting HotReload took  0.0s.
[2018.09.25-07.57.56:462][693]LogEditorViewport: Clicking on Actor (context menu): StaticMeshActor (Floor)
[2018.09.25-07.57.56:601][693]LogSlate: FSceneViewport::OnFocusLost() reason 2
[2018.09.25-07.58.28:544][495]CompilerResultsLog: New page: Compilation - Sep 26, 2018, 7:58:28 AM
[2018.09.25-07.58.28:544][495]CompilerResultsLog: Using 'git status' to determine working set for adaptive non-unity build.
[2018.09.25-07.58.28:544][495]CompilerResultsLog: Creating makefile for hot reloading S1 (modules to compile have changed)
[2018.09.25-07.58.28:544][495]CompilerResultsLog: Compiling game modules for hot reload
[2018.09.25-07.58.28:544][495]CompilerResultsLog: Target is up to date
[2018.09.25-07.58.28:544][495]CompilerResultsLog: Total build time: 33.42 seconds (NoActionsToExecute executor: 0.00 seconds)
[2018.09.25-07.58.28:544][495]LogMainFrame: MainFrame: Module compiling took 34.162 seconds
[2018.09.25-07.58.28:599][495]LogContentBrowser: Native class hierarchy populated in 0.0268 seconds. Added 2455 classes and 562 folders.
[2018.09.25-07.58.28:602][495]Display: HotReload took 34.2s.
[2018.09.25-07.58.35:365][574]LogTemp: Repeating last play command: Selected Viewport
[2018.09.25-07.58.35:400][574]LogPlayLevel: PlayLevel: No blueprints needed recompiling
[2018.09.25-07.58.35:400][574]PIE: New page: PIE session: NewMap (Sep 26, 2018, 7:58:35 AM)
[2018.09.25-07.58.35:401][574]LogPlayLevel: Creating play world package: /Game/UEDPIE_0_NewMap
[2018.09.25-07.58.35:405][574]LogPlayLevel: PIE: StaticDuplicateObject took: (0.004261s)
[2018.09.25-07.58.35:406][574]LogAIModule: Creating AISystem for world NewMap
[2018.09.25-07.58.35:407][574]LogPlayLevel: PIE: World Init took: (0.001248s)
[2018.09.25-07.58.35:407][574]LogPlayLevel: PIE: Created PIE world by copying editor world from /Game/NewMap.NewMap to /Game/UEDPIE_0_NewMap.NewMap (0.006355s)
[2018.09.25-07.58.35:449][574]LogInit: XAudio2 using 'Headphones (Realtek High Definition Audio(SST))' : 2 channels at 48 kHz using 32 bits per sample (channel mask 0x3)
[2018.09.25-07.58.35:485][574]LogInit: FAudioDevice initialized.
[2018.09.25-07.58.35:524][574]LogLoad: Game class is 'GameModeBase'
[2018.09.25-07.58.35:526][574]LogWorld: Bringing World /Game/UEDPIE_0_NewMap.NewMap up for play (max tick rate 0) at 2018.09.25-19.58.35
[2018.09.25-07.58.35:527][574]LogWorld: Bringing up level for play took: 0.001830
[2018.09.25-07.58.35:529][574]LogTemp: Warning: mytest
[2018.09.25-07.58.35:529][574]LogTemp: Warning: mytest
[2018.09.25-07.58.35:530][574]PIE: Play in editor start time for /Game/UEDPIE_0_NewMap -0.08
[2018.09.25-07.58.44:629][152]LogSlate: FSceneViewport::OnFocusLost() reason 0
[2018.09.25-07.58.59:880][911]LogSlate: FSceneViewport::OnFocusLost() reason 0
[2018.09.25-07.59.00:015][920]MapCheck: New page: Map Check
[2018.09.25-07.59.00:075][920]Cmd: MAP REBUILD ALLVISIBLE
[2018.09.25-07.59.00:075][920]LogEditorServer: Rebuildmap Clear paths rebuilt
[2018.09.25-07.59.00:207][920]LogMaterial: Missing cached shader map for material FDebugViewModeMaterialProxy WorldGridMaterial, compiling. Is special engine material.
[2018.09.25-07.59.00:221][920]LogShaderCompilers: Display: Shaders left to compile 1
[2018.09.25-07.59.00:221][920]LogMaterial: Missing cached shader map for material FDebugViewModeMaterialProxy DefaultMaterial, compiling. 
[2018.09.25-07.59.00:230][920]LogMaterial: Missing cached shader map for material FDebugViewModeMaterialProxy MaterialInstanceDynamic_1, compiling. 
[2018.09.25-07.59.00:239][920]LogMaterial: Missing cached shader map for material FDebugViewModeMaterialProxy M_Chair, compiling. 
[2018.09.25-07.59.00:247][920]LogMaterial: Missing cached shader map for material FDebugViewModeMaterialProxy M_TableRound, compiling. 
[2018.09.25-07.59.02:074][920]LogShaderCompilers: Display: Shaders left to compile 4
[2018.09.25-07.59.02:074][920]LogShaderCompilers: Display: Shaders left to compile 3
[2018.09.25-07.59.02:074][920]LogShaderCompilers: Display: Shaders left to compile 2
[2018.09.25-07.59.02:075][920]LogShaderCompilers: Display: Shaders left to compile 1
[2018.09.25-07.59.02:075][920]TextureStreamingBuild: Display: Compiling optional shaders took 1.880 seconds.
[2018.09.25-07.59.02:161][920]LogLevel: Display: Export Material TexCoord Scales took 0.086 seconds.
[2018.09.25-07.59.02:182][920]TextureStreamingBuild: Display: Build Texture Streaming took 0.018 seconds.
[2018.09.25-07.59.02:200][920]LightingResults: New page: Lighting Build - Sep 26, 2018, 7:59:02 AM
[2018.09.25-07.59.02:358][920]LogSwarmInterface: [OpenConnection] Registering TCP channel ...
[2018.09.25-07.59.02:628][920]LogSwarmInterface: [OpenConnection] Connecting to agent ...
[2018.09.25-07.59.02:655][920]LogSwarmInterface: [TryOpenConnection] Testing the Agent
[2018.09.25-07.59.04:693][920]LogSwarmInterface: [TryOpenConnection] Opening Connection to Agent
[2018.09.25-07.59.04:693][920]LogSwarmInterface: [TryOpenConnection] Local Process ID is 17412
[2018.09.25-07.59.09:069][920]LogStaticLightingSystem: Warning: No importance volume found, so the scene bounding box was used.  You can optimize your scene's quality and lighting build times by adding importance volumes.
[2018.09.25-07.59.09:071][920]LogStaticLightingSystem: Running Lightmass w/ ImmediateImport mode ENABLED
[2018.09.25-07.59.09:071][920]LogStaticLightingSystem: Running Lightmass w/ ImmediateProcess mode ENABLED
[2018.09.25-07.59.09:071][920]LogStaticLightingSystem: Running Lightmass w/ Sorting mode ENABLED
[2018.09.25-07.59.09:071][920]LogStaticLightingSystem: Running Lightmass w/ Mapping paddings ENABLED
[2018.09.25-07.59.09:072][920]LogStaticLightingSystem: Running Lightmass w/ Mapping debug paddings DISABLED
[2018.09.25-07.59.09:292][920]Cmd: MAP CHECK DONTDISPLAYDIALOG
[2018.09.25-07.59.09:293][920]MapCheck: New page: NewMap - Sep 26, 2018, 7:59:09 AM
[2018.09.25-07.59.09:308][920]MapCheck: Error: WorldSettings_1 Maps need lighting rebuilt 
[2018.09.25-07.59.09:455][920]MapCheck: Map check complete: 1 Error(s), 0 Warning(s), took 161.738ms to complete.
[2018.09.25-07.59.09:478][920]LogEditorBuildUtils: Build time 0:09
[2018.09.25-07.59.09:649][921]LogMaterial: Missing cached shader map for material FLightmassMaterialRenderer M_Chair, compiling. 
[2018.09.25-07.59.09:659][921]LogShaderCompilers: Display: Shaders left to compile 2
[2018.09.25-07.59.09:659][921]LogMaterial: Missing cached shader map for material FLightmassMaterialRenderer M_Chair, compiling. 
[2018.09.25-07.59.09:673][921]LogShaderCompilers: Display: Shaders left to compile 2
[2018.09.25-07.59.09:691][922]LogMaterial: Missing cached shader map for material FLightmassMaterialRenderer M_TableRound, compiling. 
[2018.09.25-07.59.09:697][922]LogShaderCompilers: Display: Shaders left to compile 2
[2018.09.25-07.59.09:697][922]LogMaterial: Missing cached shader map for material FLightmassMaterialRenderer M_TableRound, compiling. 
[2018.09.25-07.59.09:709][922]LogShaderCompilers: Display: Shaders left to compile 2
[2018.09.25-07.59.13:377][937]Job is a success!
[2018.09.25-07.59.13:817][938]LogVolumetricLightmapImport: Imported Volumetric Lightmap in 0.032s
[2018.09.25-07.59.13:817][938]LogVolumetricLightmapImport:      Indirection Texture 16x16x16 = 0.0Mb
[2018.09.25-07.59.13:817][938]LogVolumetricLightmapImport:      BrickData 30x5x5 = 0.0Mb
[2018.09.25-07.59.13:817][938]LogVolumetricLightmapImport:      Bricks at Level
[2018.09.25-07.59.13:817][938]LogVolumetricLightmapImport:          0: 16.7% covering 100.0% of volume
[2018.09.25-07.59.13:818][938]LogVolumetricLightmapImport:          1: 16.7% covering 1.6% of volume
[2018.09.25-07.59.13:818][938]LogVolumetricLightmapImport:          2: 66.7% covering 0.1% of volume
[2018.09.25-07.59.14:019][938]LogTexture: Display: Building textures: HQ_Lightmap1_1 (AutoDXT, 512X512)
[2018.09.25-07.59.14:019][938]LogTexture: Display: Building textures: LQ_Lightmap_1_1 (DXT1, 512X512)
[2018.09.25-07.59.14:019][938]LogTexture: Display: Building textures: LQ_Lightmap_1_2 (DXT1, 64X64)
[2018.09.25-07.59.14:020][938]LogTexture: Display: Building textures: HQ_Lightmap1_2 (AutoDXT, 64X64)
[2018.09.25-07.59.14:020][938]LogTexture: Display: Building textures: ShadowMapTexture2D_3 (G8, 32X32)
[2018.09.25-07.59.14:020][938]LogTexture: Display: Building textures: ShadowMapTexture2D_2 (G8, 512X128)
[2018.09.25-07.59.14:089][938]Lightmass on DESKTOP-IQN5V3H: 2.19 sec total, 255 ms importing, 34 ms setup, 426 ms photons, 1.44 sec processing, 0 ms extra exporting [5/5 mappings]. Threads: 9.97 sec total, 1.33 sec processing.
[2018.09.25-07.59.14:121][938]LogStaticLightingSystem: Illumination: 11.5 sec (117 ms encoding lightmaps, 56 ms encoding shadowmaps)
[2018.09.25-07.59.14:121][938]LogStaticLightingSystem: Lightmap texture memory:  0.5 MB (0.5 MB streaming, 0.0 MB non-streaming), 4 textures
[2018.09.25-07.59.14:122][938]LogStaticLightingSystem: Shadowmap texture memory: 0.1 MB (0.1 MB streaming, 0.0 MB non-streaming), 2 textures
[2018.09.25-07.59.15:078][938]DumpUnbuiltLightIteractions
[2018.09.25-07.59.15:078][938]Lights with unbuilt interactions: 0
[2018.09.25-07.59.15:078][938]
[2018.09.25-07.59.15:078][938]Primitives with unbuilt interactions: 0
[2018.09.25-07.59.15:149][939]Cmd: MAP CHECK NOTIFYRESULTS
[2018.09.25-07.59.15:150][939]MapCheck: New page: NewMap - Sep 26, 2018, 7:59:15 AM
[2018.09.25-07.59.15:335][939]MapCheck: Map check complete: 0 Error(s), 0 Warning(s), took 185.022ms to complete.
[2018.09.25-07.59.25:167][157]LogSlate: Window 'Message Log' being destroyed
[2018.09.25-07.59.25:189][157]LogSlate: Window 'Message Log' being destroyed
[2018.09.25-07.59.25:388][169]LogEditorViewport: Clicking on Actor (LMB): BP_Sky_Sphere_C (Sky Sphere)
[2018.09.25-07.59.26:042][203]LogSlate: FSceneViewport::OnFocusLost() reason 2
[2018.09.25-07.59.26:142][203]Cmd: OBJ SAVEPACKAGE PACKAGE="/Game/NewMap" FILE="../../../../../../Users/luoze/Documents/GitHub/SelfLearnUnreal/S1/Saved/Autosaves/Game/NewMap_Auto1.umap" SILENT=true AUTOSAVING=true KEEPDIRTY=false
[2018.09.25-07.59.26:217][203]LogSavePackage: Save=50.63ms
[2018.09.25-07.59.26:217][203]LogSavePackage: Moving '../../../../../../Users/luoze/Documents/GitHub/SelfLearnUnreal/S1/Saved/NewMap_Auto1EA6D2A6E4166F07498392189C54CAE40.tmp' to '../../../../../../Users/luoze/Documents/GitHub/SelfLearnUnreal/S1/Saved/Autosaves/Game/NewMap_Auto1.umap'
[2018.09.25-07.59.26:226][203]LogSavePackage: Display: Finished SavePackage ../../../../../../Users/luoze/Documents/GitHub/SelfLearnUnreal/S1/Saved/Autosaves/Game/NewMap_Auto1.umap
[2018.09.25-07.59.26:233][203]LogFileHelpers: Editor autosave (incl. sublevels) for '/Game/NewMap' took 0.117
[2018.09.25-07.59.26:234][203]LogFileHelpers: Editor autosave (incl. sublevels) for all levels took 0.117
[2018.09.25-07.59.26:240][203]OBJ SavePackage: Generating thumbnails for [0] asset(s) in package [/Game/NewMap_BuiltData] ([1] browsable assets)...
[2018.09.25-07.59.26:241][203]OBJ SavePackage: Finished generating thumbnails for package [/Game/NewMap_BuiltData]
[2018.09.25-07.59.26:279][203]LogSavePackage: Save=16.04ms
[2018.09.25-07.59.26:279][203]LogSavePackage: Moving '../../../../../../Users/luoze/Documents/GitHub/SelfLearnUnreal/S1/Saved/NewMap_BuiltData_Auto1C9B057B849A9A651E2159784B3001674.tmp' to '../../../../../../Users/luoze/Documents/GitHub/SelfLearnUnreal/S1/Saved/Autosaves/Game/NewMap_BuiltData_Auto1.uasset'
[2018.09.25-07.59.26:285][203]LogSavePackage: Display: Finished SavePackage ../../../../../../Users/luoze/Documents/GitHub/SelfLearnUnreal/S1/Saved/Autosaves/Game/NewMap_BuiltData_Auto1.uasset
[2018.09.25-07.59.26:286][203]LogFileHelpers: Auto-saving content packages took 0.050
[2018.09.25-07.59.32:984][578]LogSlate: FSceneViewport::OnFocusLost() reason 0
[2018.09.25-07.59.33:120][583]Candidate modules for hot reload:
[2018.09.25-07.59.33:120][583]  S1
[2018.09.25-07.59.33:121][583]Launching UnrealBuildTool... [C:/Program Files/Epic Games/UE_4.19/Engine/Binaries/DotNET/UnrealBuildTool.exe S1 -ModuleWithSuffix=S1,7656 Win64 Development -editorrecompile -canskiplink "C:/Users/luoze/Documents/GitHub/SelfLearnUnreal/S1/S1.uproject" ]
[2018.09.25-07.59.33:132][583]Warning: Starting HotReload took  0.1s.
[2018.09.25-08.00.04:500][ 36]LogSlate: Window 'Save Content' being destroyed
[2018.09.25-08.00.08:527][213]CompilerResultsLog: New page: Compilation - Sep 26, 2018, 8:00:08 AM
[2018.09.25-08.00.08:527][213]CompilerResultsLog: Using 'git status' to determine working set for adaptive non-unity build.
[2018.09.25-08.00.08:527][213]CompilerResultsLog: Compiling game modules for hot reload
[2018.09.25-08.00.08:527][213]CompilerResultsLog: Parsing headers for S1Editor
[2018.09.25-08.00.08:527][213]CompilerResultsLog:   Running UnrealHeaderTool "C:\Users\luoze\Documents\GitHub\SelfLearnUnreal\S1\S1.uproject" "C:\Users\luoze\Documents\GitHub\SelfLearnUnreal\S1\Intermediate\Build\Win64\S1Editor\Development\S1Editor.uhtmanifest" -LogCmds="loginit warning, logexit warning, logdatabase error" -Unattended -WarningsAsErrors -installed
[2018.09.25-08.00.08:527][213]CompilerResultsLog: Reflection code generated for S1Editor in 23.9893415 seconds
[2018.09.25-08.00.08:528][213]CompilerResultsLog: Performing 4 actions (4 in parallel)
[2018.09.25-08.00.08:528][213]CompilerResultsLog: PositionReport.gen.cpp
[2018.09.25-08.00.08:528][213]CompilerResultsLog: PositionReport.cpp
[2018.09.25-08.00.08:528][213]CompilerResultsLog: [3/4] Link UE4Editor-S1-7656.dll
[2018.09.25-08.00.08:528][213]CompilerResultsLog: [4/4] Link UE4Editor-S1-7656.lib
[2018.09.25-08.00.08:528][213]CompilerResultsLog:    Creating library C:\Users\luoze\Documents\GitHub\SelfLearnUnreal\S1\Intermediate\Build\Win64\UE4Editor\Development\UE4Editor-S1-7656.lib and object C:\Users\luoze\Documents\GitHub\SelfLearnUnreal\S1\Intermediate\Build\Win64\UE4Editor\Development\UE4Editor-S1-7656.exp
[2018.09.25-08.00.08:528][213]CompilerResultsLog:    Creating library C:\Users\luoze\Documents\GitHub\SelfLearnUnreal\S1\Intermediate\Build\Win64\UE4Editor\Development\UE4Editor-S1-7656.suppressed.lib and object C:\Users\luoze\Documents\GitHub\SelfLearnUnreal\S1\Intermediate\Build\Win64\UE4Editor\Development\UE4Editor-S1-7656.suppressed.exp
[2018.09.25-08.00.08:528][213]CompilerResultsLog: Total build time: 34.87 seconds (Local executor: 4.28 seconds)
[2018.09.25-08.00.08:528][213]LogMainFrame: MainFrame: Module compiling took 35.415 seconds
[2018.09.25-08.00.08:577][213]LogContentBrowser: Native class hierarchy updated for 'S1' in 0.0026 seconds. Added 2 classes and 2 folders.
[2018.09.25-08.00.08:579][213]Display: HotReload successful (0 functions remapped  0 scriptstructs remapped)
[2018.09.25-08.00.08:704][213]LogContentBrowser: Native class hierarchy populated in 0.0156 seconds. Added 2455 classes and 562 folders.
[2018.09.25-08.00.08:704][213]Display: HotReload took 35.6s.
[2018.09.25-08.00.10:469][325]LogTemp: Repeating last play command: Selected Viewport
[2018.09.25-08.00.10:499][325]LogPlayLevel: PlayLevel: No blueprints needed recompiling
[2018.09.25-08.00.10:500][325]PIE: New page: PIE session: NewMap (Sep 26, 2018, 8:00:10 AM)
[2018.09.25-08.00.10:500][325]LogPlayLevel: Creating play world package: /Game/UEDPIE_0_NewMap
[2018.09.25-08.00.10:503][325]LogPlayLevel: PIE: StaticDuplicateObject took: (0.002913s)
[2018.09.25-08.00.10:504][325]LogAIModule: Creating AISystem for world NewMap
[2018.09.25-08.00.10:504][325]LogPlayLevel: PIE: World Init took: (0.001018s)
[2018.09.25-08.00.10:504][325]LogPlayLevel: PIE: Created PIE world by copying editor world from /Game/NewMap.NewMap to /Game/UEDPIE_0_NewMap.NewMap (0.004163s)
[2018.09.25-08.00.10:533][325]LogInit: XAudio2 using 'Headphones (Realtek High Definition Audio(SST))' : 2 channels at 48 kHz using 32 bits per sample (channel mask 0x3)
[2018.09.25-08.00.10:558][325]LogInit: FAudioDevice initialized.
[2018.09.25-08.00.10:598][325]LogLoad: Game class is 'GameModeBase'
[2018.09.25-08.00.10:600][325]LogWorld: Bringing World /Game/UEDPIE_0_NewMap.NewMap up for play (max tick rate 0) at 2018.09.25-20.00.10
[2018.09.25-08.00.10:600][325]LogWorld: Bringing up level for play took: 0.001053
[2018.09.25-08.00.10:601][325]LogTemp: Warning: Posting report on chair : SM_Chair_2
[2018.09.25-08.00.10:601][325]LogTemp: Warning: Posting report on chair : SM_Chair2_5
[2018.09.25-08.00.10:602][325]PIE: Play in editor start time for /Game/UEDPIE_0_NewMap 0.992
[2018.09.25-08.01.15:443][295]Cmd: OBJ SAVEPACKAGE PACKAGE="/Game/NewMap" FILE="../../../../../../Users/luoze/Documents/GitHub/SelfLearnUnreal/S1/Content/NewMap.umap" SILENT=true AUTOSAVING=false KEEPDIRTY=false
[2018.09.25-08.01.15:498][295]LogSavePackage: Save=32.39ms
[2018.09.25-08.01.15:498][295]LogSavePackage: Moving '../../../../../../Users/luoze/Documents/GitHub/SelfLearnUnreal/S1/Saved/NewMap21CA6D63469889809D902DAD29C7816D.tmp' to '../../../../../../Users/luoze/Documents/GitHub/SelfLearnUnreal/S1/Content/NewMap.umap'
[2018.09.25-08.01.15:511][295]LogSavePackage: Display: Finished SavePackage ../../../../../../Users/luoze/Documents/GitHub/SelfLearnUnreal/S1/Content/NewMap.umap
[2018.09.25-08.01.15:548][295]Cmd: OBJ SAVEPACKAGE PACKAGE="/Game/NewMap_BuiltData" FILE="../../../../../../Users/luoze/Documents/GitHub/SelfLearnUnreal/S1/Content/NewMap_BuiltData.uasset" SILENT=true
[2018.09.25-08.01.15:588][295]LogSavePackage: Save=31.60ms
[2018.09.25-08.01.15:588][295]LogSavePackage: Moving '../../../../../../Users/luoze/Documents/GitHub/SelfLearnUnreal/S1/Saved/NewMap_BuiltData5595FFAD49222402212B6DBE2DEFBE7E.tmp' to '../../../../../../Users/luoze/Documents/GitHub/SelfLearnUnreal/S1/Content/NewMap_BuiltData.uasset'
[2018.09.25-08.01.15:602][295]LogSavePackage: Display: Finished SavePackage ../../../../../../Users/luoze/Documents/GitHub/SelfLearnUnreal/S1/Content/NewMap_BuiltData.uasset
[2018.09.25-08.01.27:899][ 17]LogSlate: FSceneViewport::OnFocusLost() reason 2
[2018.09.25-08.02.49:209][625]LogSlate: FSceneViewport::OnFocusLost() reason 2
